{"/home/shay/a/dsmahesh/Desktop/ece461/ECE-46100-Project/src/correctnessMetric.ts": {"path":"/home/shay/a/dsmahesh/Desktop/ece461/ECE-46100-Project/src/correctnessMetric.ts","statementMap":{"0":{"start":{"line":1,"column":0},"end":{"line":1,"column":26}},"1":{"start":{"line":2,"column":0},"end":{"line":2,"column":31}},"2":{"start":{"line":5,"column":42},"end":{"line":47,"column":2}},"3":{"start":{"line":5,"column":152},"end":{"line":47,"column":2}},"4":{"start":{"line":6,"column":18},"end":{"line":6,"column":35}},"5":{"start":{"line":7,"column":4},"end":{"line":46,"column":5}},"6":{"start":{"line":8,"column":8},"end":{"line":8,"column":62}},"7":{"start":{"line":10,"column":25},"end":{"line":13,"column":10}},"8":{"start":{"line":15,"column":31},"end":{"line":15,"column":51}},"9":{"start":{"line":16,"column":8},"end":{"line":16,"column":74}},"10":{"start":{"line":19,"column":29},"end":{"line":21,"column":10}},"11":{"start":{"line":23,"column":32},"end":{"line":23,"column":66}},"12":{"start":{"line":24,"column":8},"end":{"line":24,"column":77}},"13":{"start":{"line":27,"column":28},"end":{"line":27,"column":94}},"14":{"start":{"line":28,"column":8},"end":{"line":28,"column":78}},"15":{"start":{"line":30,"column":20},"end":{"line":30,"column":37}},"16":{"start":{"line":31,"column":24},"end":{"line":31,"column":35}},"17":{"start":{"line":33,"column":8},"end":{"line":33,"column":40}},"18":{"start":{"line":36,"column":27},"end":{"line":36,"column":82}},"19":{"start":{"line":37,"column":8},"end":{"line":39,"column":9}},"20":{"start":{"line":38,"column":12},"end":{"line":38,"column":41}},"21":{"start":{"line":40,"column":8},"end":{"line":40,"column":93}},"22":{"start":{"line":41,"column":20},"end":{"line":41,"column":37}},"23":{"start":{"line":42,"column":24},"end":{"line":42,"column":35}},"24":{"start":{"line":45,"column":8},"end":{"line":45,"column":44}},"25":{"start":{"line":5,"column":13},"end":{"line":5,"column":42}},"26":{"start":{"line":50,"column":39},"end":{"line":96,"column":2}},"27":{"start":{"line":50,"column":120},"end":{"line":96,"column":2}},"28":{"start":{"line":51,"column":18},"end":{"line":51,"column":35}},"29":{"start":{"line":52,"column":4},"end":{"line":95,"column":5}},"30":{"start":{"line":53,"column":8},"end":{"line":53,"column":63}},"31":{"start":{"line":55,"column":25},"end":{"line":55,"column":107}},"32":{"start":{"line":56,"column":30},"end":{"line":56,"column":53}},"33":{"start":{"line":58,"column":8},"end":{"line":58,"column":68}},"34":{"start":{"line":61,"column":32},"end":{"line":61,"column":92}},"35":{"start":{"line":62,"column":24},"end":{"line":62,"column":60}},"36":{"start":{"line":64,"column":8},"end":{"line":76,"column":9}},"37":{"start":{"line":65,"column":12},"end":{"line":65,"column":116}},"38":{"start":{"line":66,"column":34},"end":{"line":66,"column":76}},"39":{"start":{"line":67,"column":79},"end":{"line":67,"column":173}},"40":{"start":{"line":70,"column":24},"end":{"line":70,"column":41}},"41":{"start":{"line":71,"column":28},"end":{"line":71,"column":39}},"42":{"start":{"line":74,"column":12},"end":{"line":74,"column":88}},"43":{"start":{"line":78,"column":8},"end":{"line":78,"column":104}},"44":{"start":{"line":79,"column":20},"end":{"line":79,"column":37}},"45":{"start":{"line":80,"column":24},"end":{"line":80,"column":35}},"46":{"start":{"line":81,"column":8},"end":{"line":81,"column":43}},"47":{"start":{"line":84,"column":27},"end":{"line":84,"column":76}},"48":{"start":{"line":85,"column":8},"end":{"line":87,"column":9}},"49":{"start":{"line":86,"column":12},"end":{"line":86,"column":41}},"50":{"start":{"line":88,"column":8},"end":{"line":88,"column":41}},"51":{"start":{"line":90,"column":20},"end":{"line":90,"column":37}},"52":{"start":{"line":91,"column":24},"end":{"line":91,"column":35}},"53":{"start":{"line":94,"column":8},"end":{"line":94,"column":44}},"54":{"start":{"line":50,"column":13},"end":{"line":50,"column":39}}},"fnMap":{"0":{"name":"(anonymous_8)","decl":{"start":{"line":5,"column":42},"end":{"line":5,"column":49}},"loc":{"start":{"line":5,"column":152},"end":{"line":47,"column":2}}},"1":{"name":"(anonymous_9)","decl":{"start":{"line":5,"column":152},"end":{"line":5,"column":null}},"loc":{"start":{"line":5,"column":152},"end":{"line":47,"column":1}}},"2":{"name":"(anonymous_10)","decl":{"start":{"line":50,"column":39},"end":{"line":50,"column":46}},"loc":{"start":{"line":50,"column":120},"end":{"line":96,"column":2}}},"3":{"name":"(anonymous_11)","decl":{"start":{"line":50,"column":120},"end":{"line":50,"column":null}},"loc":{"start":{"line":50,"column":120},"end":{"line":96,"column":1}}}},"branchMap":{"0":{"loc":{"start":{"line":27,"column":28},"end":{"line":27,"column":94}},"type":"cond-expr","locations":[{"start":{"line":27,"column":52},"end":{"line":27,"column":53}},{"start":{"line":27,"column":56},"end":{"line":27,"column":94}}]},"1":{"loc":{"start":{"line":37,"column":8},"end":{"line":39,"column":9}},"type":"if","locations":[{"start":{"line":37,"column":8},"end":{"line":39,"column":9}}]},"2":{"loc":{"start":{"line":62,"column":24},"end":{"line":62,"column":60}},"type":"cond-expr","locations":[{"start":{"line":62,"column":55},"end":{"line":62,"column":57}},{"start":{"line":62,"column":55},"end":{"line":62,"column":60}}]},"3":{"loc":{"start":{"line":62,"column":24},"end":{"line":62,"column":57}},"type":"binary-expr","locations":[{"start":{"line":62,"column":24},"end":{"line":62,"column":57}},{"start":{"line":62,"column":55},"end":{"line":62,"column":57}}]},"4":{"loc":{"start":{"line":64,"column":8},"end":{"line":76,"column":9}},"type":"if","locations":[{"start":{"line":64,"column":8},"end":{"line":76,"column":9}}]},"5":{"loc":{"start":{"line":64,"column":12},"end":{"line":64,"column":53}},"type":"binary-expr","locations":[{"start":{"line":64,"column":12},"end":{"line":64,"column":19}},{"start":{"line":64,"column":23},"end":{"line":64,"column":53}}]},"6":{"loc":{"start":{"line":67,"column":142},"end":{"line":67,"column":172}},"type":"binary-expr","locations":[{"start":{"line":67,"column":142},"end":{"line":67,"column":166}},{"start":{"line":67,"column":170},"end":{"line":67,"column":172}}]},"7":{"loc":{"start":{"line":85,"column":8},"end":{"line":87,"column":9}},"type":"if","locations":[{"start":{"line":85,"column":8},"end":{"line":87,"column":9}}]}},"s":{"0":1,"1":1,"2":1,"3":4,"4":4,"5":4,"6":4,"7":4,"8":4,"9":4,"10":4,"11":4,"12":4,"13":4,"14":4,"15":4,"16":4,"17":4,"18":0,"19":0,"20":0,"21":0,"22":0,"23":0,"24":0,"25":1,"26":1,"27":2,"28":2,"29":2,"30":2,"31":2,"32":2,"33":2,"34":2,"35":2,"36":2,"37":2,"38":2,"39":2,"40":2,"41":2,"42":2,"43":0,"44":0,"45":0,"46":0,"47":0,"48":0,"49":0,"50":0,"51":0,"52":0,"53":0,"54":1},"f":{"0":4,"1":4,"2":2,"3":2},"b":{"0":[2,2],"1":[0],"2":[0,2],"3":[2,2],"4":[2],"5":[2,2],"6":[2,0],"7":[0]}}
,"/home/shay/a/dsmahesh/Desktop/ece461/ECE-46100-Project/src/logging.ts": {"path":"/home/shay/a/dsmahesh/Desktop/ece461/ECE-46100-Project/src/logging.ts","statementMap":{"0":{"start":{"line":1,"column":0},"end":{"line":1,"column":25}},"1":{"start":{"line":2,"column":0},"end":{"line":2,"column":29}},"2":{"start":{"line":5,"column":19},"end":{"line":23,"column":1}},"3":{"start":{"line":6,"column":20},"end":{"line":6,"column":53}},"4":{"start":{"line":7,"column":21},"end":{"line":7,"column":59}},"5":{"start":{"line":10,"column":4},"end":{"line":22,"column":5}},"6":{"start":{"line":11,"column":26},"end":{"line":11,"column":50}},"7":{"start":{"line":12,"column":27},"end":{"line":12,"column":56}},"8":{"start":{"line":15,"column":23},"end":{"line":15,"column":44}},"9":{"start":{"line":16,"column":8},"end":{"line":18,"column":9}},"10":{"start":{"line":17,"column":12},"end":{"line":17,"column":54}},"11":{"start":{"line":21,"column":8},"end":{"line":21,"column":47}},"12":{"start":{"line":5,"column":13},"end":{"line":5,"column":19}}},"fnMap":{"0":{"name":"(anonymous_6)","decl":{"start":{"line":5,"column":19},"end":{"line":5,"column":20}},"loc":{"start":{"line":5,"column":54},"end":{"line":23,"column":1}}}},"branchMap":{"0":{"loc":{"start":{"line":6,"column":20},"end":{"line":6,"column":53}},"type":"binary-expr","locations":[{"start":{"line":6,"column":20},"end":{"line":6,"column":40}},{"start":{"line":6,"column":44},"end":{"line":6,"column":53}}]},"1":{"loc":{"start":{"line":7,"column":30},"end":{"line":7,"column":58}},"type":"binary-expr","locations":[{"start":{"line":7,"column":30},"end":{"line":7,"column":51}},{"start":{"line":7,"column":55},"end":{"line":7,"column":58}}]},"2":{"loc":{"start":{"line":10,"column":4},"end":{"line":22,"column":5}},"type":"if","locations":[{"start":{"line":10,"column":4},"end":{"line":22,"column":5}}]},"3":{"loc":{"start":{"line":16,"column":8},"end":{"line":18,"column":9}},"type":"if","locations":[{"start":{"line":16,"column":8},"end":{"line":18,"column":9}}]}},"s":{"0":2,"1":2,"2":2,"3":65,"4":65,"5":65,"6":0,"7":0,"8":0,"9":0,"10":0,"11":0,"12":2},"f":{"0":65},"b":{"0":[65,65],"1":[65,65],"2":[0],"3":[0]}}
,"/home/shay/a/dsmahesh/Desktop/ece461/ECE-46100-Project/src/rampUpMetric.ts": {"path":"/home/shay/a/dsmahesh/Desktop/ece461/ECE-46100-Project/src/rampUpMetric.ts","statementMap":{"0":{"start":{"line":40,"column":0},"end":{"line":40,"column":22}},"1":{"start":{"line":1,"column":0},"end":{"line":1,"column":26}},"2":{"start":{"line":2,"column":0},"end":{"line":2,"column":32}},"3":{"start":{"line":5,"column":24},"end":{"line":5,"column":48}},"4":{"start":{"line":9,"column":4},"end":{"line":36,"column":5}},"5":{"start":{"line":10,"column":8},"end":{"line":10,"column":52}},"6":{"start":{"line":11,"column":25},"end":{"line":16,"column":10}},"7":{"start":{"line":18,"column":8},"end":{"line":18,"column":59}},"8":{"start":{"line":19,"column":8},"end":{"line":19,"column":29}},"9":{"start":{"line":21,"column":8},"end":{"line":34,"column":9}},"10":{"start":{"line":22,"column":27},"end":{"line":22,"column":49}},"11":{"start":{"line":23,"column":12},"end":{"line":31,"column":13}},"12":{"start":{"line":24,"column":16},"end":{"line":24,"column":90}},"13":{"start":{"line":25,"column":19},"end":{"line":31,"column":13}},"14":{"start":{"line":26,"column":16},"end":{"line":26,"column":80}},"15":{"start":{"line":27,"column":19},"end":{"line":31,"column":13}},"16":{"start":{"line":28,"column":16},"end":{"line":28,"column":42}},"17":{"start":{"line":30,"column":16},"end":{"line":30,"column":68}},"18":{"start":{"line":33,"column":12},"end":{"line":33,"column":49}},"19":{"start":{"line":35,"column":8},"end":{"line":35,"column":18}},"20":{"start":{"line":41,"column":18},"end":{"line":41,"column":35}},"21":{"start":{"line":42,"column":4},"end":{"line":42,"column":80}},"22":{"start":{"line":45,"column":22},"end":{"line":45,"column":84}},"23":{"start":{"line":47,"column":4},"end":{"line":82,"column":5}},"24":{"start":{"line":49,"column":30},"end":{"line":49,"column":66}},"25":{"start":{"line":51,"column":26},"end":{"line":51,"column":27}},"26":{"start":{"line":54,"column":8},"end":{"line":71,"column":9}},"27":{"start":{"line":55,"column":33},"end":{"line":55,"column":72}},"28":{"start":{"line":56,"column":12},"end":{"line":56,"column":59}},"29":{"start":{"line":58,"column":12},"end":{"line":67,"column":13}},"30":{"start":{"line":59,"column":16},"end":{"line":59,"column":34}},"31":{"start":{"line":60,"column":16},"end":{"line":60,"column":77}},"32":{"start":{"line":61,"column":19},"end":{"line":67,"column":13}},"33":{"start":{"line":62,"column":16},"end":{"line":62,"column":33}},"34":{"start":{"line":63,"column":16},"end":{"line":63,"column":50}},"35":{"start":{"line":65,"column":16},"end":{"line":65,"column":33}},"36":{"start":{"line":66,"column":16},"end":{"line":66,"column":49}},"37":{"start":{"line":69,"column":12},"end":{"line":69,"column":29}},"38":{"start":{"line":70,"column":12},"end":{"line":70,"column":48}},"39":{"start":{"line":73,"column":20},"end":{"line":73,"column":37}},"40":{"start":{"line":74,"column":24},"end":{"line":74,"column":35}},"41":{"start":{"line":75,"column":8},"end":{"line":75,"column":125}},"42":{"start":{"line":77,"column":8},"end":{"line":77,"column":43}},"43":{"start":{"line":80,"column":8},"end":{"line":80,"column":84}},"44":{"start":{"line":81,"column":8},"end":{"line":81,"column":46}},"45":{"start":{"line":86,"column":40},"end":{"line":136,"column":2}},"46":{"start":{"line":86,"column":116},"end":{"line":136,"column":2}},"47":{"start":{"line":87,"column":18},"end":{"line":87,"column":35}},"48":{"start":{"line":88,"column":4},"end":{"line":88,"column":66}},"49":{"start":{"line":90,"column":4},"end":{"line":135,"column":5}},"50":{"start":{"line":91,"column":8},"end":{"line":91,"column":65}},"51":{"start":{"line":93,"column":25},"end":{"line":93,"column":107}},"52":{"start":{"line":94,"column":30},"end":{"line":94,"column":53}},"53":{"start":{"line":95,"column":8},"end":{"line":95,"column":70}},"54":{"start":{"line":97,"column":8},"end":{"line":97,"column":63}},"55":{"start":{"line":99,"column":32},"end":{"line":99,"column":92}},"56":{"start":{"line":100,"column":24},"end":{"line":100,"column":60}},"57":{"start":{"line":102,"column":8},"end":{"line":120,"column":9}},"58":{"start":{"line":103,"column":12},"end":{"line":103,"column":81}},"59":{"start":{"line":106,"column":35},"end":{"line":106,"column":86}},"60":{"start":{"line":107,"column":34},"end":{"line":107,"column":83}},"61":{"start":{"line":109,"column":12},"end":{"line":109,"column":88}},"62":{"start":{"line":111,"column":27},"end":{"line":111,"column":102}},"63":{"start":{"line":113,"column":24},"end":{"line":113,"column":41}},"64":{"start":{"line":114,"column":28},"end":{"line":114,"column":39}},"65":{"start":{"line":116,"column":12},"end":{"line":116,"column":120}},"66":{"start":{"line":119,"column":12},"end":{"line":119,"column":50}},"67":{"start":{"line":122,"column":8},"end":{"line":122,"column":102}},"68":{"start":{"line":123,"column":20},"end":{"line":123,"column":37}},"69":{"start":{"line":124,"column":24},"end":{"line":124,"column":35}},"70":{"start":{"line":125,"column":8},"end":{"line":125,"column":38}},"71":{"start":{"line":128,"column":8},"end":{"line":128,"column":85}},"72":{"start":{"line":130,"column":20},"end":{"line":130,"column":37}},"73":{"start":{"line":131,"column":24},"end":{"line":131,"column":35}},"74":{"start":{"line":134,"column":8},"end":{"line":134,"column":39}},"75":{"start":{"line":86,"column":13},"end":{"line":86,"column":40}}},"fnMap":{"0":{"name":"downloadFile","decl":{"start":{"line":8,"column":15},"end":{"line":8,"column":27}},"loc":{"start":{"line":8,"column":54},"end":{"line":37,"column":null}}},"1":{"name":"calculateGitRampUpMetric","decl":{"start":{"line":40,"column":22},"end":{"line":40,"column":46}},"loc":{"start":{"line":40,"column":89},"end":{"line":83,"column":null}}},"2":{"name":"(anonymous_12)","decl":{"start":{"line":86,"column":40},"end":{"line":86,"column":47}},"loc":{"start":{"line":86,"column":116},"end":{"line":136,"column":2}}},"3":{"name":"(anonymous_13)","decl":{"start":{"line":86,"column":116},"end":{"line":86,"column":null}},"loc":{"start":{"line":86,"column":116},"end":{"line":136,"column":1}}}},"branchMap":{"0":{"loc":{"start":{"line":21,"column":8},"end":{"line":34,"column":9}},"type":"if","locations":[{"start":{"line":21,"column":8},"end":{"line":34,"column":9}},{"start":{"line":32,"column":15},"end":{"line":34,"column":9}}]},"1":{"loc":{"start":{"line":22,"column":27},"end":{"line":22,"column":49}},"type":"cond-expr","locations":[{"start":{"line":22,"column":41},"end":{"line":22,"column":43}},{"start":{"line":22,"column":41},"end":{"line":22,"column":49}}]},"2":{"loc":{"start":{"line":22,"column":27},"end":{"line":22,"column":43}},"type":"binary-expr","locations":[{"start":{"line":22,"column":27},"end":{"line":22,"column":43}},{"start":{"line":22,"column":41},"end":{"line":22,"column":43}}]},"3":{"loc":{"start":{"line":23,"column":12},"end":{"line":31,"column":13}},"type":"if","locations":[{"start":{"line":23,"column":12},"end":{"line":31,"column":13}},{"start":{"line":25,"column":19},"end":{"line":31,"column":13}}]},"4":{"loc":{"start":{"line":25,"column":19},"end":{"line":31,"column":13}},"type":"if","locations":[{"start":{"line":25,"column":19},"end":{"line":31,"column":13}},{"start":{"line":27,"column":19},"end":{"line":31,"column":13}}]},"5":{"loc":{"start":{"line":27,"column":19},"end":{"line":31,"column":13}},"type":"if","locations":[{"start":{"line":27,"column":19},"end":{"line":31,"column":13}},{"start":{"line":29,"column":19},"end":{"line":31,"column":13}}]},"6":{"loc":{"start":{"line":54,"column":8},"end":{"line":71,"column":9}},"type":"if","locations":[{"start":{"line":54,"column":8},"end":{"line":71,"column":9}},{"start":{"line":68,"column":15},"end":{"line":71,"column":9}}]},"7":{"loc":{"start":{"line":58,"column":12},"end":{"line":67,"column":13}},"type":"if","locations":[{"start":{"line":58,"column":12},"end":{"line":67,"column":13}},{"start":{"line":61,"column":19},"end":{"line":67,"column":13}}]},"8":{"loc":{"start":{"line":61,"column":19},"end":{"line":67,"column":13}},"type":"if","locations":[{"start":{"line":61,"column":19},"end":{"line":67,"column":13}},{"start":{"line":64,"column":19},"end":{"line":67,"column":13}}]},"9":{"loc":{"start":{"line":100,"column":24},"end":{"line":100,"column":60}},"type":"cond-expr","locations":[{"start":{"line":100,"column":55},"end":{"line":100,"column":57}},{"start":{"line":100,"column":55},"end":{"line":100,"column":60}}]},"10":{"loc":{"start":{"line":100,"column":24},"end":{"line":100,"column":57}},"type":"binary-expr","locations":[{"start":{"line":100,"column":24},"end":{"line":100,"column":57}},{"start":{"line":100,"column":55},"end":{"line":100,"column":57}}]},"11":{"loc":{"start":{"line":102,"column":8},"end":{"line":120,"column":9}},"type":"if","locations":[{"start":{"line":102,"column":8},"end":{"line":120,"column":9}}]},"12":{"loc":{"start":{"line":102,"column":12},"end":{"line":102,"column":53}},"type":"binary-expr","locations":[{"start":{"line":102,"column":12},"end":{"line":102,"column":19}},{"start":{"line":102,"column":23},"end":{"line":102,"column":53}}]},"13":{"loc":{"start":{"line":111,"column":71},"end":{"line":111,"column":101}},"type":"binary-expr","locations":[{"start":{"line":111,"column":71},"end":{"line":111,"column":95}},{"start":{"line":111,"column":99},"end":{"line":111,"column":101}}]}},"s":{"0":1,"1":1,"2":1,"3":1,"4":5,"5":5,"6":5,"7":3,"8":3,"9":2,"10":2,"11":2,"12":0,"13":2,"14":0,"15":2,"16":1,"17":1,"18":0,"19":2,"20":5,"21":5,"22":5,"23":5,"24":5,"25":5,"26":5,"27":3,"28":3,"29":3,"30":2,"31":2,"32":1,"33":0,"34":0,"35":1,"36":1,"37":2,"38":2,"39":5,"40":5,"41":5,"42":5,"43":0,"44":0,"45":1,"46":3,"47":3,"48":3,"49":3,"50":3,"51":3,"52":2,"53":2,"54":2,"55":2,"56":2,"57":2,"58":1,"59":1,"60":1,"61":1,"62":1,"63":1,"64":1,"65":1,"66":1,"67":1,"68":1,"69":1,"70":1,"71":1,"72":1,"73":1,"74":1,"75":1},"f":{"0":5,"1":5,"2":3,"3":3},"b":{"0":[2,0],"1":[0,2],"2":[2,2],"3":[0,2],"4":[0,2],"5":[1,1],"6":[3,2],"7":[2,1],"8":[0,1],"9":[0,2],"10":[2,2],"11":[1],"12":[2,1],"13":[1,0]}}
}
