{"C:\\Users\\aryan\\Desktop\\ECE-46100-Project\\src\\License_Check.ts": {"path":"C:\\Users\\aryan\\Desktop\\ECE-46100-Project\\src\\License_Check.ts","statementMap":{"0":{"start":{"line":1,"column":0},"end":{"line":1,"column":26}},"1":{"start":{"line":2,"column":0},"end":{"line":2,"column":32}},"2":{"start":{"line":5,"column":27},"end":{"line":13,"column":2}},"3":{"start":{"line":16,"column":39},"end":{"line":18,"column":1}},"4":{"start":{"line":17,"column":4},"end":{"line":17,"column":50}},"5":{"start":{"line":21,"column":44},"end":{"line":56,"column":2}},"6":{"start":{"line":21,"column":148},"end":{"line":56,"column":2}},"7":{"start":{"line":22,"column":18},"end":{"line":22,"column":35}},"8":{"start":{"line":23,"column":4},"end":{"line":55,"column":5}},"9":{"start":{"line":24,"column":8},"end":{"line":24,"column":68}},"10":{"start":{"line":27,"column":25},"end":{"line":29,"column":10}},"11":{"start":{"line":31,"column":24},"end":{"line":31,"column":60}},"12":{"start":{"line":32,"column":8},"end":{"line":32,"column":65}},"13":{"start":{"line":34,"column":20},"end":{"line":34,"column":37}},"14":{"start":{"line":35,"column":24},"end":{"line":35,"column":35}},"15":{"start":{"line":38,"column":22},"end":{"line":38,"column":69}},"16":{"start":{"line":39,"column":8},"end":{"line":39,"column":77}},"17":{"start":{"line":41,"column":8},"end":{"line":41,"column":34}},"18":{"start":{"line":44,"column":27},"end":{"line":44,"column":86}},"19":{"start":{"line":45,"column":8},"end":{"line":47,"column":9}},"20":{"start":{"line":46,"column":12},"end":{"line":46,"column":41}},"21":{"start":{"line":48,"column":8},"end":{"line":48,"column":89}},"22":{"start":{"line":50,"column":20},"end":{"line":50,"column":37}},"23":{"start":{"line":51,"column":24},"end":{"line":51,"column":35}},"24":{"start":{"line":54,"column":8},"end":{"line":54,"column":37}},"25":{"start":{"line":21,"column":13},"end":{"line":21,"column":44}},"26":{"start":{"line":59,"column":41},"end":{"line":105,"column":2}},"27":{"start":{"line":59,"column":116},"end":{"line":105,"column":2}},"28":{"start":{"line":60,"column":18},"end":{"line":60,"column":35}},"29":{"start":{"line":61,"column":4},"end":{"line":104,"column":5}},"30":{"start":{"line":62,"column":8},"end":{"line":62,"column":67}},"31":{"start":{"line":65,"column":32},"end":{"line":65,"column":92}},"32":{"start":{"line":66,"column":24},"end":{"line":66,"column":60}},"33":{"start":{"line":68,"column":8},"end":{"line":85,"column":9}},"34":{"start":{"line":69,"column":12},"end":{"line":69,"column":69}},"35":{"start":{"line":72,"column":26},"end":{"line":72,"column":74}},"36":{"start":{"line":73,"column":12},"end":{"line":84,"column":13}},"37":{"start":{"line":74,"column":38},"end":{"line":74,"column":57}},"38":{"start":{"line":77,"column":58},"end":{"line":77,"column":137}},"39":{"start":{"line":79,"column":28},"end":{"line":79,"column":45}},"40":{"start":{"line":80,"column":37},"end":{"line":80,"column":64}},"41":{"start":{"line":82,"column":16},"end":{"line":82,"column":81}},"42":{"start":{"line":83,"column":16},"end":{"line":83,"column":56}},"43":{"start":{"line":87,"column":8},"end":{"line":87,"column":85}},"44":{"start":{"line":88,"column":20},"end":{"line":88,"column":37}},"45":{"start":{"line":89,"column":24},"end":{"line":89,"column":35}},"46":{"start":{"line":90,"column":8},"end":{"line":90,"column":37}},"47":{"start":{"line":93,"column":27},"end":{"line":93,"column":79}},"48":{"start":{"line":94,"column":8},"end":{"line":96,"column":9}},"49":{"start":{"line":95,"column":12},"end":{"line":95,"column":41}},"50":{"start":{"line":97,"column":8},"end":{"line":97,"column":99}},"51":{"start":{"line":99,"column":20},"end":{"line":99,"column":37}},"52":{"start":{"line":100,"column":24},"end":{"line":100,"column":35}},"53":{"start":{"line":103,"column":8},"end":{"line":103,"column":37}},"54":{"start":{"line":59,"column":13},"end":{"line":59,"column":41}}},"fnMap":{"0":{"name":"(anonymous_8)","decl":{"start":{"line":16,"column":39},"end":{"line":16,"column":40}},"loc":{"start":{"line":16,"column":70},"end":{"line":18,"column":1}}},"1":{"name":"(anonymous_9)","decl":{"start":{"line":21,"column":44},"end":{"line":21,"column":51}},"loc":{"start":{"line":21,"column":148},"end":{"line":56,"column":2}}},"2":{"name":"(anonymous_10)","decl":{"start":{"line":21,"column":148},"end":{"line":21,"column":null}},"loc":{"start":{"line":21,"column":148},"end":{"line":56,"column":1}}},"3":{"name":"(anonymous_11)","decl":{"start":{"line":59,"column":41},"end":{"line":59,"column":48}},"loc":{"start":{"line":59,"column":116},"end":{"line":105,"column":2}}},"4":{"name":"(anonymous_12)","decl":{"start":{"line":59,"column":116},"end":{"line":59,"column":null}},"loc":{"start":{"line":59,"column":116},"end":{"line":105,"column":1}}}},"branchMap":{"0":{"loc":{"start":{"line":31,"column":24},"end":{"line":31,"column":60}},"type":"binary-expr","locations":[{"start":{"line":31,"column":24},"end":{"line":31,"column":54}},{"start":{"line":31,"column":58},"end":{"line":31,"column":60}}]},"1":{"loc":{"start":{"line":31,"column":24},"end":{"line":31,"column":54}},"type":"cond-expr","locations":[{"start":{"line":31,"column":45},"end":{"line":31,"column":47}},{"start":{"line":31,"column":45},"end":{"line":31,"column":54}}]},"2":{"loc":{"start":{"line":31,"column":24},"end":{"line":31,"column":47}},"type":"binary-expr","locations":[{"start":{"line":31,"column":24},"end":{"line":31,"column":47}},{"start":{"line":31,"column":45},"end":{"line":31,"column":47}}]},"3":{"loc":{"start":{"line":38,"column":22},"end":{"line":38,"column":69}},"type":"cond-expr","locations":[{"start":{"line":38,"column":64},"end":{"line":38,"column":65}},{"start":{"line":38,"column":68},"end":{"line":38,"column":69}}]},"4":{"loc":{"start":{"line":45,"column":8},"end":{"line":47,"column":9}},"type":"if","locations":[{"start":{"line":45,"column":8},"end":{"line":47,"column":9}}]},"5":{"loc":{"start":{"line":66,"column":24},"end":{"line":66,"column":60}},"type":"cond-expr","locations":[{"start":{"line":66,"column":55},"end":{"line":66,"column":57}},{"start":{"line":66,"column":55},"end":{"line":66,"column":60}}]},"6":{"loc":{"start":{"line":66,"column":24},"end":{"line":66,"column":57}},"type":"binary-expr","locations":[{"start":{"line":66,"column":24},"end":{"line":66,"column":57}},{"start":{"line":66,"column":55},"end":{"line":66,"column":57}}]},"7":{"loc":{"start":{"line":68,"column":8},"end":{"line":85,"column":9}},"type":"if","locations":[{"start":{"line":68,"column":8},"end":{"line":85,"column":9}}]},"8":{"loc":{"start":{"line":68,"column":12},"end":{"line":68,"column":53}},"type":"binary-expr","locations":[{"start":{"line":68,"column":12},"end":{"line":68,"column":19}},{"start":{"line":68,"column":23},"end":{"line":68,"column":53}}]},"9":{"loc":{"start":{"line":73,"column":12},"end":{"line":84,"column":13}},"type":"if","locations":[{"start":{"line":73,"column":12},"end":{"line":84,"column":13}}]},"10":{"loc":{"start":{"line":73,"column":16},"end":{"line":73,"column":33}},"type":"binary-expr","locations":[{"start":{"line":73,"column":16},"end":{"line":73,"column":21}},{"start":{"line":73,"column":25},"end":{"line":73,"column":33}}]},"11":{"loc":{"start":{"line":77,"column":106},"end":{"line":77,"column":136}},"type":"binary-expr","locations":[{"start":{"line":77,"column":106},"end":{"line":77,"column":130}},{"start":{"line":77,"column":134},"end":{"line":77,"column":136}}]},"12":{"loc":{"start":{"line":94,"column":8},"end":{"line":96,"column":9}},"type":"if","locations":[{"start":{"line":94,"column":8},"end":{"line":96,"column":9}}]}},"s":{"0":1,"1":1,"2":1,"3":1,"4":4,"5":1,"6":5,"7":5,"8":5,"9":5,"10":5,"11":4,"12":4,"13":4,"14":4,"15":4,"16":4,"17":4,"18":1,"19":1,"20":1,"21":1,"22":1,"23":1,"24":1,"25":1,"26":1,"27":3,"28":3,"29":3,"30":3,"31":3,"32":3,"33":3,"34":2,"35":2,"36":2,"37":2,"38":2,"39":2,"40":2,"41":2,"42":2,"43":1,"44":1,"45":1,"46":1,"47":0,"48":0,"49":0,"50":0,"51":0,"52":0,"53":0,"54":1},"f":{"0":4,"1":5,"2":5,"3":3,"4":3},"b":{"0":[4,0],"1":[0,4],"2":[4,4],"3":[2,2],"4":[1],"5":[1,2],"6":[3,3],"7":[2],"8":[3,2],"9":[2],"10":[2,2],"11":[2,2],"12":[0]}}
,"C:\\Users\\aryan\\Desktop\\ECE-46100-Project\\src\\correctnessMetric.ts": {"path":"C:\\Users\\aryan\\Desktop\\ECE-46100-Project\\src\\correctnessMetric.ts","statementMap":{"0":{"start":{"line":1,"column":0},"end":{"line":1,"column":26}},"1":{"start":{"line":2,"column":0},"end":{"line":2,"column":31}},"2":{"start":{"line":5,"column":42},"end":{"line":52,"column":2}},"3":{"start":{"line":5,"column":152},"end":{"line":52,"column":2}},"4":{"start":{"line":6,"column":18},"end":{"line":6,"column":35}},"5":{"start":{"line":7,"column":4},"end":{"line":51,"column":5}},"6":{"start":{"line":8,"column":8},"end":{"line":8,"column":62}},"7":{"start":{"line":10,"column":25},"end":{"line":13,"column":10}},"8":{"start":{"line":16,"column":26},"end":{"line":17,"column":null}},"9":{"start":{"line":17,"column":12},"end":{"line":17,"column":87}},"10":{"start":{"line":17,"column":46},"end":{"line":17,"column":86}},"11":{"start":{"line":19,"column":31},"end":{"line":19,"column":47}},"12":{"start":{"line":21,"column":8},"end":{"line":21,"column":74}},"13":{"start":{"line":24,"column":29},"end":{"line":26,"column":10}},"14":{"start":{"line":28,"column":32},"end":{"line":28,"column":66}},"15":{"start":{"line":29,"column":8},"end":{"line":29,"column":77}},"16":{"start":{"line":32,"column":28},"end":{"line":32,"column":94}},"17":{"start":{"line":33,"column":8},"end":{"line":33,"column":78}},"18":{"start":{"line":35,"column":20},"end":{"line":35,"column":37}},"19":{"start":{"line":36,"column":24},"end":{"line":36,"column":35}},"20":{"start":{"line":38,"column":8},"end":{"line":38,"column":40}},"21":{"start":{"line":41,"column":27},"end":{"line":41,"column":82}},"22":{"start":{"line":42,"column":8},"end":{"line":44,"column":9}},"23":{"start":{"line":43,"column":12},"end":{"line":43,"column":41}},"24":{"start":{"line":45,"column":8},"end":{"line":45,"column":93}},"25":{"start":{"line":46,"column":20},"end":{"line":46,"column":37}},"26":{"start":{"line":47,"column":24},"end":{"line":47,"column":35}},"27":{"start":{"line":50,"column":8},"end":{"line":50,"column":44}},"28":{"start":{"line":5,"column":13},"end":{"line":5,"column":42}},"29":{"start":{"line":55,"column":39},"end":{"line":101,"column":2}},"30":{"start":{"line":55,"column":120},"end":{"line":101,"column":2}},"31":{"start":{"line":56,"column":18},"end":{"line":56,"column":35}},"32":{"start":{"line":57,"column":4},"end":{"line":100,"column":5}},"33":{"start":{"line":58,"column":8},"end":{"line":58,"column":63}},"34":{"start":{"line":60,"column":25},"end":{"line":60,"column":107}},"35":{"start":{"line":61,"column":30},"end":{"line":61,"column":53}},"36":{"start":{"line":63,"column":8},"end":{"line":63,"column":68}},"37":{"start":{"line":66,"column":32},"end":{"line":66,"column":92}},"38":{"start":{"line":67,"column":24},"end":{"line":67,"column":60}},"39":{"start":{"line":69,"column":8},"end":{"line":81,"column":9}},"40":{"start":{"line":70,"column":12},"end":{"line":70,"column":116}},"41":{"start":{"line":71,"column":34},"end":{"line":71,"column":76}},"42":{"start":{"line":72,"column":79},"end":{"line":72,"column":173}},"43":{"start":{"line":75,"column":24},"end":{"line":75,"column":41}},"44":{"start":{"line":76,"column":28},"end":{"line":76,"column":39}},"45":{"start":{"line":79,"column":12},"end":{"line":79,"column":88}},"46":{"start":{"line":83,"column":8},"end":{"line":83,"column":104}},"47":{"start":{"line":84,"column":20},"end":{"line":84,"column":37}},"48":{"start":{"line":85,"column":24},"end":{"line":85,"column":35}},"49":{"start":{"line":86,"column":8},"end":{"line":86,"column":43}},"50":{"start":{"line":89,"column":27},"end":{"line":89,"column":76}},"51":{"start":{"line":90,"column":8},"end":{"line":92,"column":9}},"52":{"start":{"line":91,"column":12},"end":{"line":91,"column":41}},"53":{"start":{"line":93,"column":8},"end":{"line":93,"column":41}},"54":{"start":{"line":95,"column":20},"end":{"line":95,"column":37}},"55":{"start":{"line":96,"column":24},"end":{"line":96,"column":35}},"56":{"start":{"line":99,"column":8},"end":{"line":99,"column":44}},"57":{"start":{"line":55,"column":13},"end":{"line":55,"column":39}}},"fnMap":{"0":{"name":"(anonymous_8)","decl":{"start":{"line":5,"column":42},"end":{"line":5,"column":49}},"loc":{"start":{"line":5,"column":152},"end":{"line":52,"column":2}}},"1":{"name":"(anonymous_9)","decl":{"start":{"line":5,"column":152},"end":{"line":5,"column":null}},"loc":{"start":{"line":5,"column":152},"end":{"line":52,"column":1}}},"2":{"name":"(anonymous_10)","decl":{"start":{"line":16,"column":47},"end":{"line":16,"column":48}},"loc":{"start":{"line":17,"column":12},"end":{"line":17,"column":87}}},"3":{"name":"(anonymous_11)","decl":{"start":{"line":17,"column":30},"end":{"line":17,"column":31}},"loc":{"start":{"line":17,"column":46},"end":{"line":17,"column":86}}},"4":{"name":"(anonymous_12)","decl":{"start":{"line":55,"column":39},"end":{"line":55,"column":46}},"loc":{"start":{"line":55,"column":120},"end":{"line":101,"column":2}}},"5":{"name":"(anonymous_13)","decl":{"start":{"line":55,"column":120},"end":{"line":55,"column":null}},"loc":{"start":{"line":55,"column":120},"end":{"line":101,"column":1}}}},"branchMap":{"0":{"loc":{"start":{"line":32,"column":28},"end":{"line":32,"column":94}},"type":"cond-expr","locations":[{"start":{"line":32,"column":52},"end":{"line":32,"column":53}},{"start":{"line":32,"column":56},"end":{"line":32,"column":94}}]},"1":{"loc":{"start":{"line":42,"column":8},"end":{"line":44,"column":9}},"type":"if","locations":[{"start":{"line":42,"column":8},"end":{"line":44,"column":9}}]},"2":{"loc":{"start":{"line":67,"column":24},"end":{"line":67,"column":60}},"type":"cond-expr","locations":[{"start":{"line":67,"column":55},"end":{"line":67,"column":57}},{"start":{"line":67,"column":55},"end":{"line":67,"column":60}}]},"3":{"loc":{"start":{"line":67,"column":24},"end":{"line":67,"column":57}},"type":"binary-expr","locations":[{"start":{"line":67,"column":24},"end":{"line":67,"column":57}},{"start":{"line":67,"column":55},"end":{"line":67,"column":57}}]},"4":{"loc":{"start":{"line":69,"column":8},"end":{"line":81,"column":9}},"type":"if","locations":[{"start":{"line":69,"column":8},"end":{"line":81,"column":9}}]},"5":{"loc":{"start":{"line":69,"column":12},"end":{"line":69,"column":53}},"type":"binary-expr","locations":[{"start":{"line":69,"column":12},"end":{"line":69,"column":19}},{"start":{"line":69,"column":23},"end":{"line":69,"column":53}}]},"6":{"loc":{"start":{"line":72,"column":142},"end":{"line":72,"column":172}},"type":"binary-expr","locations":[{"start":{"line":72,"column":142},"end":{"line":72,"column":166}},{"start":{"line":72,"column":170},"end":{"line":72,"column":172}}]},"7":{"loc":{"start":{"line":90,"column":8},"end":{"line":92,"column":9}},"type":"if","locations":[{"start":{"line":90,"column":8},"end":{"line":92,"column":9}}]}},"s":{"0":1,"1":1,"2":1,"3":5,"4":5,"5":5,"6":5,"7":5,"8":4,"9":6,"10":6,"11":4,"12":4,"13":4,"14":4,"15":4,"16":4,"17":4,"18":4,"19":4,"20":4,"21":1,"22":1,"23":1,"24":1,"25":1,"26":1,"27":1,"28":1,"29":1,"30":3,"31":3,"32":3,"33":3,"34":3,"35":3,"36":3,"37":3,"38":3,"39":3,"40":2,"41":2,"42":2,"43":2,"44":2,"45":2,"46":1,"47":1,"48":1,"49":1,"50":0,"51":0,"52":0,"53":0,"54":0,"55":0,"56":0,"57":1},"f":{"0":5,"1":5,"2":6,"3":6,"4":3,"5":3},"b":{"0":[2,2],"1":[1],"2":[1,2],"3":[3,3],"4":[2],"5":[3,2],"6":[2,2],"7":[0]}}
,"C:\\Users\\aryan\\Desktop\\ECE-46100-Project\\src\\logging.ts": {"path":"C:\\Users\\aryan\\Desktop\\ECE-46100-Project\\src\\logging.ts","statementMap":{"0":{"start":{"line":1,"column":0},"end":{"line":1,"column":25}},"1":{"start":{"line":2,"column":0},"end":{"line":2,"column":29}},"2":{"start":{"line":5,"column":19},"end":{"line":28,"column":1}},"3":{"start":{"line":6,"column":20},"end":{"line":6,"column":53}},"4":{"start":{"line":7,"column":21},"end":{"line":7,"column":59}},"5":{"start":{"line":10,"column":19},"end":{"line":10,"column":40}},"6":{"start":{"line":11,"column":4},"end":{"line":13,"column":5}},"7":{"start":{"line":12,"column":8},"end":{"line":12,"column":50}},"8":{"start":{"line":16,"column":4},"end":{"line":18,"column":5}},"9":{"start":{"line":17,"column":8},"end":{"line":17,"column":38}},"10":{"start":{"line":21,"column":4},"end":{"line":27,"column":5}},"11":{"start":{"line":22,"column":26},"end":{"line":22,"column":50}},"12":{"start":{"line":23,"column":27},"end":{"line":23,"column":56}},"13":{"start":{"line":26,"column":8},"end":{"line":26,"column":47}},"14":{"start":{"line":5,"column":13},"end":{"line":5,"column":19}}},"fnMap":{"0":{"name":"(anonymous_6)","decl":{"start":{"line":5,"column":19},"end":{"line":5,"column":20}},"loc":{"start":{"line":5,"column":54},"end":{"line":28,"column":1}}}},"branchMap":{"0":{"loc":{"start":{"line":6,"column":20},"end":{"line":6,"column":53}},"type":"binary-expr","locations":[{"start":{"line":6,"column":20},"end":{"line":6,"column":40}},{"start":{"line":6,"column":44},"end":{"line":6,"column":53}}]},"1":{"loc":{"start":{"line":7,"column":30},"end":{"line":7,"column":58}},"type":"binary-expr","locations":[{"start":{"line":7,"column":30},"end":{"line":7,"column":51}},{"start":{"line":7,"column":55},"end":{"line":7,"column":58}}]},"2":{"loc":{"start":{"line":11,"column":4},"end":{"line":13,"column":5}},"type":"if","locations":[{"start":{"line":11,"column":4},"end":{"line":13,"column":5}}]},"3":{"loc":{"start":{"line":16,"column":4},"end":{"line":18,"column":5}},"type":"if","locations":[{"start":{"line":16,"column":4},"end":{"line":18,"column":5}}]},"4":{"loc":{"start":{"line":21,"column":4},"end":{"line":27,"column":5}},"type":"if","locations":[{"start":{"line":21,"column":4},"end":{"line":27,"column":5}}]}},"s":{"0":4,"1":4,"2":4,"3":129,"4":129,"5":129,"6":129,"7":0,"8":129,"9":0,"10":129,"11":129,"12":129,"13":129,"14":4},"f":{"0":129},"b":{"0":[129,129],"1":[129,0],"2":[0],"3":[0],"4":[129]}}
,"C:\\Users\\aryan\\Desktop\\ECE-46100-Project\\src\\rampUpMetric.ts": {"path":"C:\\Users\\aryan\\Desktop\\ECE-46100-Project\\src\\rampUpMetric.ts","statementMap":{"0":{"start":{"line":40,"column":0},"end":{"line":40,"column":22}},"1":{"start":{"line":1,"column":0},"end":{"line":1,"column":26}},"2":{"start":{"line":2,"column":0},"end":{"line":2,"column":32}},"3":{"start":{"line":5,"column":24},"end":{"line":5,"column":48}},"4":{"start":{"line":9,"column":4},"end":{"line":36,"column":5}},"5":{"start":{"line":10,"column":8},"end":{"line":10,"column":52}},"6":{"start":{"line":11,"column":25},"end":{"line":16,"column":10}},"7":{"start":{"line":18,"column":8},"end":{"line":18,"column":59}},"8":{"start":{"line":19,"column":8},"end":{"line":19,"column":29}},"9":{"start":{"line":21,"column":8},"end":{"line":34,"column":9}},"10":{"start":{"line":22,"column":27},"end":{"line":22,"column":49}},"11":{"start":{"line":23,"column":12},"end":{"line":31,"column":13}},"12":{"start":{"line":24,"column":16},"end":{"line":24,"column":90}},"13":{"start":{"line":25,"column":19},"end":{"line":31,"column":13}},"14":{"start":{"line":26,"column":16},"end":{"line":26,"column":80}},"15":{"start":{"line":27,"column":19},"end":{"line":31,"column":13}},"16":{"start":{"line":28,"column":16},"end":{"line":28,"column":42}},"17":{"start":{"line":30,"column":16},"end":{"line":30,"column":68}},"18":{"start":{"line":33,"column":12},"end":{"line":33,"column":49}},"19":{"start":{"line":35,"column":8},"end":{"line":35,"column":18}},"20":{"start":{"line":41,"column":18},"end":{"line":41,"column":35}},"21":{"start":{"line":42,"column":4},"end":{"line":42,"column":80}},"22":{"start":{"line":45,"column":22},"end":{"line":45,"column":84}},"23":{"start":{"line":47,"column":4},"end":{"line":82,"column":5}},"24":{"start":{"line":49,"column":30},"end":{"line":49,"column":66}},"25":{"start":{"line":51,"column":26},"end":{"line":51,"column":27}},"26":{"start":{"line":54,"column":8},"end":{"line":71,"column":9}},"27":{"start":{"line":55,"column":33},"end":{"line":55,"column":72}},"28":{"start":{"line":56,"column":12},"end":{"line":56,"column":59}},"29":{"start":{"line":58,"column":12},"end":{"line":67,"column":13}},"30":{"start":{"line":59,"column":16},"end":{"line":59,"column":34}},"31":{"start":{"line":60,"column":16},"end":{"line":60,"column":77}},"32":{"start":{"line":61,"column":19},"end":{"line":67,"column":13}},"33":{"start":{"line":62,"column":16},"end":{"line":62,"column":33}},"34":{"start":{"line":63,"column":16},"end":{"line":63,"column":50}},"35":{"start":{"line":65,"column":16},"end":{"line":65,"column":33}},"36":{"start":{"line":66,"column":16},"end":{"line":66,"column":49}},"37":{"start":{"line":69,"column":12},"end":{"line":69,"column":29}},"38":{"start":{"line":70,"column":12},"end":{"line":70,"column":48}},"39":{"start":{"line":73,"column":20},"end":{"line":73,"column":37}},"40":{"start":{"line":74,"column":24},"end":{"line":74,"column":35}},"41":{"start":{"line":75,"column":8},"end":{"line":75,"column":125}},"42":{"start":{"line":77,"column":8},"end":{"line":77,"column":43}},"43":{"start":{"line":80,"column":8},"end":{"line":80,"column":84}},"44":{"start":{"line":81,"column":8},"end":{"line":81,"column":46}},"45":{"start":{"line":86,"column":40},"end":{"line":136,"column":2}},"46":{"start":{"line":86,"column":116},"end":{"line":136,"column":2}},"47":{"start":{"line":87,"column":18},"end":{"line":87,"column":35}},"48":{"start":{"line":88,"column":4},"end":{"line":88,"column":66}},"49":{"start":{"line":90,"column":4},"end":{"line":135,"column":5}},"50":{"start":{"line":91,"column":8},"end":{"line":91,"column":65}},"51":{"start":{"line":93,"column":25},"end":{"line":93,"column":107}},"52":{"start":{"line":94,"column":30},"end":{"line":94,"column":53}},"53":{"start":{"line":95,"column":8},"end":{"line":95,"column":70}},"54":{"start":{"line":97,"column":8},"end":{"line":97,"column":63}},"55":{"start":{"line":99,"column":32},"end":{"line":99,"column":92}},"56":{"start":{"line":100,"column":24},"end":{"line":100,"column":60}},"57":{"start":{"line":102,"column":8},"end":{"line":120,"column":9}},"58":{"start":{"line":103,"column":12},"end":{"line":103,"column":81}},"59":{"start":{"line":106,"column":35},"end":{"line":106,"column":86}},"60":{"start":{"line":107,"column":34},"end":{"line":107,"column":83}},"61":{"start":{"line":109,"column":12},"end":{"line":109,"column":88}},"62":{"start":{"line":111,"column":27},"end":{"line":111,"column":102}},"63":{"start":{"line":113,"column":24},"end":{"line":113,"column":41}},"64":{"start":{"line":114,"column":28},"end":{"line":114,"column":39}},"65":{"start":{"line":116,"column":12},"end":{"line":116,"column":120}},"66":{"start":{"line":119,"column":12},"end":{"line":119,"column":50}},"67":{"start":{"line":122,"column":8},"end":{"line":122,"column":102}},"68":{"start":{"line":123,"column":20},"end":{"line":123,"column":37}},"69":{"start":{"line":124,"column":24},"end":{"line":124,"column":35}},"70":{"start":{"line":125,"column":8},"end":{"line":125,"column":38}},"71":{"start":{"line":128,"column":8},"end":{"line":128,"column":85}},"72":{"start":{"line":130,"column":20},"end":{"line":130,"column":37}},"73":{"start":{"line":131,"column":24},"end":{"line":131,"column":35}},"74":{"start":{"line":134,"column":8},"end":{"line":134,"column":39}},"75":{"start":{"line":86,"column":13},"end":{"line":86,"column":40}}},"fnMap":{"0":{"name":"downloadFile","decl":{"start":{"line":8,"column":15},"end":{"line":8,"column":27}},"loc":{"start":{"line":8,"column":54},"end":{"line":37,"column":null}}},"1":{"name":"calculateGitRampUpMetric","decl":{"start":{"line":40,"column":22},"end":{"line":40,"column":46}},"loc":{"start":{"line":40,"column":89},"end":{"line":83,"column":null}}},"2":{"name":"(anonymous_12)","decl":{"start":{"line":86,"column":40},"end":{"line":86,"column":47}},"loc":{"start":{"line":86,"column":116},"end":{"line":136,"column":2}}},"3":{"name":"(anonymous_13)","decl":{"start":{"line":86,"column":116},"end":{"line":86,"column":null}},"loc":{"start":{"line":86,"column":116},"end":{"line":136,"column":1}}}},"branchMap":{"0":{"loc":{"start":{"line":21,"column":8},"end":{"line":34,"column":9}},"type":"if","locations":[{"start":{"line":21,"column":8},"end":{"line":34,"column":9}},{"start":{"line":32,"column":15},"end":{"line":34,"column":9}}]},"1":{"loc":{"start":{"line":22,"column":27},"end":{"line":22,"column":49}},"type":"cond-expr","locations":[{"start":{"line":22,"column":41},"end":{"line":22,"column":43}},{"start":{"line":22,"column":41},"end":{"line":22,"column":49}}]},"2":{"loc":{"start":{"line":22,"column":27},"end":{"line":22,"column":43}},"type":"binary-expr","locations":[{"start":{"line":22,"column":27},"end":{"line":22,"column":43}},{"start":{"line":22,"column":41},"end":{"line":22,"column":43}}]},"3":{"loc":{"start":{"line":23,"column":12},"end":{"line":31,"column":13}},"type":"if","locations":[{"start":{"line":23,"column":12},"end":{"line":31,"column":13}},{"start":{"line":25,"column":19},"end":{"line":31,"column":13}}]},"4":{"loc":{"start":{"line":25,"column":19},"end":{"line":31,"column":13}},"type":"if","locations":[{"start":{"line":25,"column":19},"end":{"line":31,"column":13}},{"start":{"line":27,"column":19},"end":{"line":31,"column":13}}]},"5":{"loc":{"start":{"line":27,"column":19},"end":{"line":31,"column":13}},"type":"if","locations":[{"start":{"line":27,"column":19},"end":{"line":31,"column":13}},{"start":{"line":29,"column":19},"end":{"line":31,"column":13}}]},"6":{"loc":{"start":{"line":54,"column":8},"end":{"line":71,"column":9}},"type":"if","locations":[{"start":{"line":54,"column":8},"end":{"line":71,"column":9}},{"start":{"line":68,"column":15},"end":{"line":71,"column":9}}]},"7":{"loc":{"start":{"line":58,"column":12},"end":{"line":67,"column":13}},"type":"if","locations":[{"start":{"line":58,"column":12},"end":{"line":67,"column":13}},{"start":{"line":61,"column":19},"end":{"line":67,"column":13}}]},"8":{"loc":{"start":{"line":61,"column":19},"end":{"line":67,"column":13}},"type":"if","locations":[{"start":{"line":61,"column":19},"end":{"line":67,"column":13}},{"start":{"line":64,"column":19},"end":{"line":67,"column":13}}]},"9":{"loc":{"start":{"line":100,"column":24},"end":{"line":100,"column":60}},"type":"cond-expr","locations":[{"start":{"line":100,"column":55},"end":{"line":100,"column":57}},{"start":{"line":100,"column":55},"end":{"line":100,"column":60}}]},"10":{"loc":{"start":{"line":100,"column":24},"end":{"line":100,"column":57}},"type":"binary-expr","locations":[{"start":{"line":100,"column":24},"end":{"line":100,"column":57}},{"start":{"line":100,"column":55},"end":{"line":100,"column":57}}]},"11":{"loc":{"start":{"line":102,"column":8},"end":{"line":120,"column":9}},"type":"if","locations":[{"start":{"line":102,"column":8},"end":{"line":120,"column":9}}]},"12":{"loc":{"start":{"line":102,"column":12},"end":{"line":102,"column":53}},"type":"binary-expr","locations":[{"start":{"line":102,"column":12},"end":{"line":102,"column":19}},{"start":{"line":102,"column":23},"end":{"line":102,"column":53}}]},"13":{"loc":{"start":{"line":111,"column":71},"end":{"line":111,"column":101}},"type":"binary-expr","locations":[{"start":{"line":111,"column":71},"end":{"line":111,"column":95}},{"start":{"line":111,"column":99},"end":{"line":111,"column":101}}]}},"s":{"0":1,"1":1,"2":1,"3":1,"4":5,"5":5,"6":5,"7":3,"8":3,"9":2,"10":2,"11":2,"12":0,"13":2,"14":0,"15":2,"16":1,"17":1,"18":0,"19":2,"20":5,"21":5,"22":5,"23":5,"24":5,"25":5,"26":5,"27":3,"28":3,"29":3,"30":2,"31":2,"32":1,"33":0,"34":0,"35":1,"36":1,"37":2,"38":2,"39":5,"40":5,"41":5,"42":5,"43":0,"44":0,"45":1,"46":3,"47":3,"48":3,"49":3,"50":3,"51":3,"52":2,"53":2,"54":2,"55":2,"56":2,"57":2,"58":1,"59":1,"60":1,"61":1,"62":1,"63":1,"64":1,"65":1,"66":1,"67":1,"68":1,"69":1,"70":1,"71":1,"72":1,"73":1,"74":1,"75":1},"f":{"0":5,"1":5,"2":3,"3":3},"b":{"0":[2,0],"1":[0,2],"2":[2,2],"3":[0,2],"4":[0,2],"5":[1,1],"6":[3,2],"7":[2,1],"8":[0,1],"9":[0,2],"10":[2,2],"11":[1],"12":[2,1],"13":[1,1]}}
,"C:\\Users\\aryan\\Desktop\\ECE-46100-Project\\src\\responsivenessMetric.ts": {"path":"C:\\Users\\aryan\\Desktop\\ECE-46100-Project\\src\\responsivenessMetric.ts","statementMap":{"0":{"start":{"line":1,"column":0},"end":{"line":1,"column":26}},"1":{"start":{"line":2,"column":0},"end":{"line":2,"column":32}},"2":{"start":{"line":4,"column":24},"end":{"line":4,"column":48}},"3":{"start":{"line":8,"column":21},"end":{"line":8,"column":86}},"4":{"start":{"line":9,"column":4},"end":{"line":29,"column":5}},"5":{"start":{"line":10,"column":8},"end":{"line":10,"column":70}},"6":{"start":{"line":11,"column":25},"end":{"line":15,"column":10}},"7":{"start":{"line":17,"column":26},"end":{"line":17,"column":39}},"8":{"start":{"line":18,"column":26},"end":{"line":18,"column":66}},"9":{"start":{"line":19,"column":25},"end":{"line":19,"column":99}},"10":{"start":{"line":21,"column":29},"end":{"line":21,"column":49}},"11":{"start":{"line":22,"column":8},"end":{"line":22,"column":103}},"12":{"start":{"line":23,"column":8},"end":{"line":23,"column":52}},"13":{"start":{"line":26,"column":29},"end":{"line":26,"column":85}},"14":{"start":{"line":27,"column":8},"end":{"line":27,"column":71}},"15":{"start":{"line":28,"column":8},"end":{"line":28,"column":17}},"16":{"start":{"line":33,"column":34},"end":{"line":62,"column":null}},"17":{"start":{"line":34,"column":35},"end":{"line":34,"column":37}},"18":{"start":{"line":35,"column":15},"end":{"line":35,"column":16}},"19":{"start":{"line":36,"column":20},"end":{"line":36,"column":23}},"20":{"start":{"line":38,"column":4},"end":{"line":58,"column":5}},"21":{"start":{"line":39,"column":26},"end":{"line":39,"column":124}},"22":{"start":{"line":40,"column":8},"end":{"line":57,"column":9}},"23":{"start":{"line":41,"column":12},"end":{"line":41,"column":74}},"24":{"start":{"line":42,"column":29},"end":{"line":46,"column":14}},"25":{"start":{"line":48,"column":27},"end":{"line":48,"column":40}},"26":{"start":{"line":49,"column":12},"end":{"line":49,"column":43}},"27":{"start":{"line":49,"column":37},"end":{"line":49,"column":43}},"28":{"start":{"line":51,"column":12},"end":{"line":51,"column":75}},"29":{"start":{"line":51,"column":60},"end":{"line":51,"column":72}},"30":{"start":{"line":52,"column":12},"end":{"line":52,"column":19}},"31":{"start":{"line":54,"column":33},"end":{"line":54,"column":89}},"32":{"start":{"line":55,"column":12},"end":{"line":55,"column":82}},"33":{"start":{"line":56,"column":12},"end":{"line":56,"column":18}},"34":{"start":{"line":60,"column":4},"end":{"line":60,"column":71}},"35":{"start":{"line":61,"column":4},"end":{"line":61,"column":24}},"36":{"start":{"line":65,"column":42},"end":{"line":99,"column":2}},"37":{"start":{"line":66,"column":18},"end":{"line":66,"column":35}},"38":{"start":{"line":67,"column":4},"end":{"line":98,"column":5}},"39":{"start":{"line":68,"column":8},"end":{"line":68,"column":73}},"40":{"start":{"line":69,"column":29},"end":{"line":69,"column":80}},"41":{"start":{"line":72,"column":30},"end":{"line":73,"column":null}},"42":{"start":{"line":73,"column":46},"end":{"line":73,"column":102}},"43":{"start":{"line":77,"column":35},"end":{"line":77,"column":71}},"44":{"start":{"line":77,"column":64},"end":{"line":77,"column":70}},"45":{"start":{"line":79,"column":20},"end":{"line":79,"column":37}},"46":{"start":{"line":80,"column":24},"end":{"line":80,"column":35}},"47":{"start":{"line":82,"column":8},"end":{"line":85,"column":9}},"48":{"start":{"line":83,"column":12},"end":{"line":83,"column":53}},"49":{"start":{"line":84,"column":12},"end":{"line":84,"column":32}},"50":{"start":{"line":87,"column":36},"end":{"line":87,"column":115}},"51":{"start":{"line":87,"column":75},"end":{"line":87,"column":83}},"52":{"start":{"line":88,"column":30},"end":{"line":88,"column":61}},"53":{"start":{"line":89,"column":8},"end":{"line":89,"column":57}},"54":{"start":{"line":90,"column":31},"end":{"line":90,"column":72}},"55":{"start":{"line":91,"column":8},"end":{"line":91,"column":73}},"56":{"start":{"line":93,"column":8},"end":{"line":93,"column":41}},"57":{"start":{"line":95,"column":29},"end":{"line":95,"column":85}},"58":{"start":{"line":96,"column":8},"end":{"line":96,"column":89}},"59":{"start":{"line":97,"column":8},"end":{"line":97,"column":46}},"60":{"start":{"line":65,"column":13},"end":{"line":65,"column":42}},"61":{"start":{"line":102,"column":42},"end":{"line":137,"column":2}},"62":{"start":{"line":102,"column":126},"end":{"line":137,"column":2}},"63":{"start":{"line":103,"column":18},"end":{"line":103,"column":35}},"64":{"start":{"line":104,"column":4},"end":{"line":136,"column":5}},"65":{"start":{"line":105,"column":8},"end":{"line":105,"column":73}},"66":{"start":{"line":106,"column":25},"end":{"line":106,"column":107}},"67":{"start":{"line":107,"column":30},"end":{"line":107,"column":53}},"68":{"start":{"line":109,"column":8},"end":{"line":109,"column":70}},"69":{"start":{"line":112,"column":32},"end":{"line":112,"column":92}},"70":{"start":{"line":113,"column":24},"end":{"line":113,"column":60}},"71":{"start":{"line":115,"column":8},"end":{"line":124,"column":9}},"72":{"start":{"line":116,"column":12},"end":{"line":116,"column":77}},"73":{"start":{"line":117,"column":34},"end":{"line":117,"column":76}},"74":{"start":{"line":118,"column":27},"end":{"line":118,"column":121}},"75":{"start":{"line":120,"column":24},"end":{"line":120,"column":41}},"76":{"start":{"line":121,"column":28},"end":{"line":121,"column":39}},"77":{"start":{"line":122,"column":12},"end":{"line":122,"column":82}},"78":{"start":{"line":123,"column":12},"end":{"line":123,"column":58}},"79":{"start":{"line":126,"column":20},"end":{"line":126,"column":37}},"80":{"start":{"line":127,"column":24},"end":{"line":127,"column":35}},"81":{"start":{"line":128,"column":8},"end":{"line":128,"column":97}},"82":{"start":{"line":129,"column":8},"end":{"line":129,"column":46}},"83":{"start":{"line":131,"column":29},"end":{"line":131,"column":85}},"84":{"start":{"line":132,"column":8},"end":{"line":132,"column":99}},"85":{"start":{"line":133,"column":20},"end":{"line":133,"column":37}},"86":{"start":{"line":134,"column":24},"end":{"line":134,"column":35}},"87":{"start":{"line":135,"column":8},"end":{"line":135,"column":47}},"88":{"start":{"line":102,"column":13},"end":{"line":102,"column":42}}},"fnMap":{"0":{"name":"getGitIssueResponseTime","decl":{"start":{"line":7,"column":15},"end":{"line":7,"column":38}},"loc":{"start":{"line":7,"column":102},"end":{"line":30,"column":null}}},"1":{"name":"getGitIssuesAndPRs","decl":{"start":{"line":33,"column":15},"end":{"line":33,"column":33}},"loc":{"start":{"line":33,"column":33},"end":{"line":62,"column":null}}},"2":{"name":"(anonymous_11)","decl":{"start":{"line":33,"column":34},"end":{"line":33,"column":50}},"loc":{"start":{"line":33,"column":99},"end":{"line":62,"column":1}}},"3":{"name":"(anonymous_12)","decl":{"start":{"line":51,"column":44},"end":{"line":51,"column":45}},"loc":{"start":{"line":51,"column":60},"end":{"line":51,"column":72}}},"4":{"name":"(anonymous_13)","decl":{"start":{"line":65,"column":42},"end":{"line":65,"column":58}},"loc":{"start":{"line":65,"column":100},"end":{"line":99,"column":2}}},"5":{"name":"(anonymous_15)","decl":{"start":{"line":73,"column":29},"end":{"line":73,"column":30}},"loc":{"start":{"line":73,"column":46},"end":{"line":73,"column":102}}},"6":{"name":"(anonymous_16)","decl":{"start":{"line":77,"column":56},"end":{"line":77,"column":57}},"loc":{"start":{"line":77,"column":64},"end":{"line":77,"column":70}}},"7":{"name":"(anonymous_17)","decl":{"start":{"line":87,"column":62},"end":{"line":87,"column":63}},"loc":{"start":{"line":87,"column":75},"end":{"line":87,"column":83}}},"8":{"name":"(anonymous_18)","decl":{"start":{"line":102,"column":42},"end":{"line":102,"column":49}},"loc":{"start":{"line":102,"column":126},"end":{"line":137,"column":2}}},"9":{"name":"(anonymous_19)","decl":{"start":{"line":102,"column":126},"end":{"line":102,"column":null}},"loc":{"start":{"line":102,"column":126},"end":{"line":137,"column":1}}}},"branchMap":{"0":{"loc":{"start":{"line":19,"column":25},"end":{"line":19,"column":99}},"type":"cond-expr","locations":[{"start":{"line":19,"column":47},"end":{"line":19,"column":86}},{"start":{"line":19,"column":89},"end":{"line":19,"column":99}}]},"1":{"loc":{"start":{"line":26,"column":29},"end":{"line":26,"column":85}},"type":"cond-expr","locations":[{"start":{"line":26,"column":54},"end":{"line":26,"column":67}},{"start":{"line":26,"column":70},"end":{"line":26,"column":85}}]},"2":{"loc":{"start":{"line":33,"column":34},"end":{"line":33,"column":55}},"type":"default-arg","locations":[{"start":{"line":33,"column":50},"end":{"line":33,"column":55}}]},"3":{"loc":{"start":{"line":49,"column":12},"end":{"line":49,"column":43}},"type":"if","locations":[{"start":{"line":49,"column":12},"end":{"line":49,"column":43}}]},"4":{"loc":{"start":{"line":54,"column":33},"end":{"line":54,"column":89}},"type":"cond-expr","locations":[{"start":{"line":54,"column":58},"end":{"line":54,"column":71}},{"start":{"line":54,"column":74},"end":{"line":54,"column":89}}]},"5":{"loc":{"start":{"line":82,"column":8},"end":{"line":85,"column":9}},"type":"if","locations":[{"start":{"line":82,"column":8},"end":{"line":85,"column":9}}]},"6":{"loc":{"start":{"line":95,"column":29},"end":{"line":95,"column":85}},"type":"cond-expr","locations":[{"start":{"line":95,"column":54},"end":{"line":95,"column":67}},{"start":{"line":95,"column":70},"end":{"line":95,"column":85}}]},"7":{"loc":{"start":{"line":113,"column":24},"end":{"line":113,"column":60}},"type":"cond-expr","locations":[{"start":{"line":113,"column":55},"end":{"line":113,"column":57}},{"start":{"line":113,"column":55},"end":{"line":113,"column":60}}]},"8":{"loc":{"start":{"line":113,"column":24},"end":{"line":113,"column":57}},"type":"binary-expr","locations":[{"start":{"line":113,"column":24},"end":{"line":113,"column":57}},{"start":{"line":113,"column":55},"end":{"line":113,"column":57}}]},"9":{"loc":{"start":{"line":115,"column":8},"end":{"line":124,"column":9}},"type":"if","locations":[{"start":{"line":115,"column":8},"end":{"line":124,"column":9}}]},"10":{"loc":{"start":{"line":115,"column":12},"end":{"line":115,"column":53}},"type":"binary-expr","locations":[{"start":{"line":115,"column":12},"end":{"line":115,"column":19}},{"start":{"line":115,"column":23},"end":{"line":115,"column":53}}]},"11":{"loc":{"start":{"line":118,"column":90},"end":{"line":118,"column":120}},"type":"binary-expr","locations":[{"start":{"line":118,"column":90},"end":{"line":118,"column":114}},{"start":{"line":118,"column":118},"end":{"line":118,"column":120}}]},"12":{"loc":{"start":{"line":131,"column":29},"end":{"line":131,"column":85}},"type":"cond-expr","locations":[{"start":{"line":131,"column":54},"end":{"line":131,"column":67}},{"start":{"line":131,"column":70},"end":{"line":131,"column":85}}]}},"s":{"0":1,"1":1,"2":1,"3":3,"4":3,"5":3,"6":3,"7":3,"8":3,"9":3,"10":3,"11":3,"12":3,"13":0,"14":0,"15":0,"16":4,"17":4,"18":4,"19":4,"20":4,"21":6,"22":6,"23":6,"24":6,"25":3,"26":3,"27":1,"28":2,"29":3,"30":2,"31":3,"32":3,"33":3,"34":4,"35":4,"36":1,"37":4,"38":4,"39":4,"40":4,"41":4,"42":3,"43":4,"44":3,"45":4,"46":4,"47":4,"48":2,"49":2,"50":2,"51":3,"52":2,"53":2,"54":2,"55":2,"56":2,"57":0,"58":0,"59":0,"60":1,"61":1,"62":3,"63":3,"64":3,"65":3,"66":3,"67":3,"68":3,"69":3,"70":2,"71":2,"72":1,"73":1,"74":1,"75":1,"76":1,"77":1,"78":1,"79":1,"80":1,"81":1,"82":1,"83":1,"84":1,"85":1,"86":1,"87":1,"88":1},"f":{"0":3,"1":4,"2":4,"3":3,"4":4,"5":3,"6":3,"7":3,"8":3,"9":3},"b":{"0":[3,0],"1":[0,0],"2":[0],"3":[1],"4":[3,0],"5":[2],"6":[0,0],"7":[1,1],"8":[2,2],"9":[1],"10":[2,1],"11":[1,1],"12":[1,0]}}
}
