TN:
SF:src/BusFactor.ts
FN:5,(anonymous_8)
FN:5,(anonymous_9)
FN:44,(anonymous_10)
FN:44,(anonymous_11)
FNF:4
FNH:4
FNDA:4,(anonymous_8)
FNDA:4,(anonymous_9)
FNDA:3,(anonymous_10)
FNDA:3,(anonymous_11)
DA:1,1
DA:2,1
DA:5,4
DA:6,4
DA:7,4
DA:8,4
DA:10,4
DA:15,3
DA:16,3
DA:18,3
DA:21,3
DA:22,3
DA:24,3
DA:25,3
DA:27,3
DA:30,1
DA:31,1
DA:32,1
DA:34,1
DA:35,1
DA:36,1
DA:39,1
DA:44,3
DA:45,3
DA:46,3
DA:47,3
DA:49,3
DA:50,2
DA:52,2
DA:54,2
DA:56,2
DA:57,1
DA:58,1
DA:59,1
DA:62,1
DA:63,1
DA:66,1
DA:70,1
DA:71,1
DA:72,1
DA:73,1
DA:76,1
DA:77,1
DA:78,1
DA:80,1
DA:82,1
DA:83,1
DA:86,1
LF:48
LH:48
BRDA:21,0,0,2
BRDA:21,0,1,1
BRDA:31,1,0,1
BRDA:54,2,0,0
BRDA:54,2,1,2
BRDA:54,3,0,2
BRDA:54,3,1,2
BRDA:56,4,0,1
BRDA:56,5,0,2
BRDA:56,5,1,2
BRDA:59,6,0,1
BRDA:59,6,1,0
BRDA:77,7,0,1
BRF:13
BRH:11
end_of_record
TN:
SF:src/License_Check.ts
FN:16,(anonymous_8)
FN:21,(anonymous_9)
FN:21,(anonymous_10)
FN:59,(anonymous_11)
FN:59,(anonymous_12)
FNF:5
FNH:5
FNDA:4,(anonymous_8)
FNDA:5,(anonymous_9)
FNDA:5,(anonymous_10)
FNDA:3,(anonymous_11)
FNDA:3,(anonymous_12)
DA:1,1
DA:2,1
DA:5,1
DA:16,1
DA:17,4
DA:21,5
DA:22,5
DA:23,5
DA:24,5
DA:27,5
DA:31,4
DA:32,4
DA:34,4
DA:35,4
DA:38,4
DA:39,4
DA:41,4
DA:44,1
DA:45,1
DA:46,1
DA:48,1
DA:50,1
DA:51,1
DA:54,1
DA:59,3
DA:60,3
DA:61,3
DA:62,3
DA:65,3
DA:66,3
DA:68,3
DA:69,2
DA:72,2
DA:73,2
DA:74,2
DA:77,2
DA:79,2
DA:80,2
DA:82,2
DA:83,2
DA:87,1
DA:88,1
DA:89,1
DA:90,1
DA:93,0
DA:94,0
DA:95,0
DA:97,0
DA:99,0
DA:100,0
DA:103,0
LF:51
LH:44
BRDA:31,0,0,4
BRDA:31,0,1,0
BRDA:31,1,0,0
BRDA:31,1,1,4
BRDA:31,2,0,4
BRDA:31,2,1,4
BRDA:38,3,0,2
BRDA:38,3,1,2
BRDA:45,4,0,1
BRDA:66,5,0,1
BRDA:66,5,1,2
BRDA:66,6,0,3
BRDA:66,6,1,3
BRDA:68,7,0,2
BRDA:68,8,0,3
BRDA:68,8,1,2
BRDA:73,9,0,2
BRDA:73,10,0,2
BRDA:73,10,1,2
BRDA:77,11,0,2
BRDA:77,11,1,0
BRDA:94,12,0,0
BRF:22
BRH:18
end_of_record
TN:
SF:src/correctnessMetric.ts
FN:5,(anonymous_8)
FN:5,(anonymous_9)
FN:16,(anonymous_10)
FN:17,(anonymous_11)
FN:52,(anonymous_12)
FN:52,(anonymous_13)
FNF:6
FNH:6
FNDA:5,(anonymous_8)
FNDA:5,(anonymous_9)
FNDA:5,(anonymous_10)
FNDA:5,(anonymous_11)
FNDA:3,(anonymous_12)
FNDA:3,(anonymous_13)
DA:1,1
DA:2,1
DA:5,5
DA:6,5
DA:7,5
DA:8,5
DA:10,5
DA:16,4
DA:17,5
DA:19,4
DA:21,4
DA:23,4
DA:25,4
DA:28,4
DA:30,4
DA:32,4
DA:33,4
DA:35,4
DA:38,1
DA:39,1
DA:40,1
DA:42,1
DA:43,1
DA:44,1
DA:47,1
DA:52,3
DA:53,3
DA:54,3
DA:55,3
DA:57,3
DA:58,3
DA:60,3
DA:63,3
DA:64,3
DA:66,3
DA:67,2
DA:68,2
DA:69,2
DA:72,2
DA:73,2
DA:76,2
DA:80,1
DA:81,1
DA:82,1
DA:83,1
DA:86,0
DA:87,0
DA:88,0
DA:90,0
DA:92,0
DA:93,0
DA:96,0
LF:52
LH:45
BRDA:28,0,0,1
BRDA:28,0,1,3
BRDA:39,1,0,1
BRDA:64,2,0,1
BRDA:64,2,1,2
BRDA:64,3,0,3
BRDA:64,3,1,3
BRDA:66,4,0,2
BRDA:66,5,0,3
BRDA:66,5,1,2
BRDA:69,6,0,2
BRDA:69,6,1,0
BRDA:87,7,0,0
BRF:13
BRH:11
end_of_record
TN:
SF:src/logging.ts
FN:5,(anonymous_6)
FNF:1
FNH:1
FNDA:147,(anonymous_6)
DA:1,5
DA:2,5
DA:5,5
DA:6,147
DA:7,147
DA:10,147
DA:11,147
DA:12,0
DA:16,147
DA:17,0
DA:21,147
DA:22,0
DA:23,0
DA:26,0
LF:14
LH:9
BRDA:6,0,0,147
BRDA:6,0,1,147
BRDA:7,1,0,147
BRDA:7,1,1,147
BRDA:11,2,0,0
BRDA:16,3,0,0
BRDA:21,4,0,0
BRF:7
BRH:4
end_of_record
TN:
SF:src/rampUpMetric.ts
FN:9,cloneRepo
FN:18,(anonymous_16)
FN:35,readReadme
FN:48,calculateGitRampUpMetric
FN:109,(anonymous_21)
FN:109,(anonymous_22)
FNF:6
FNH:5
FNDA:4,cloneRepo
FNDA:0,(anonymous_16)
FNDA:4,readReadme
FNDA:4,calculateGitRampUpMetric
FNDA:3,(anonymous_21)
FNDA:3,(anonymous_22)
DA:1,1
DA:2,1
DA:3,1
DA:4,1
DA:5,1
DA:6,1
DA:10,4
DA:11,4
DA:12,4
DA:13,4
DA:18,0
DA:22,4
DA:25,0
DA:26,0
DA:28,0
DA:30,0
DA:36,4
DA:37,4
DA:38,4
DA:39,3
DA:40,3
DA:42,1
DA:43,1
DA:48,1
DA:49,4
DA:50,4
DA:52,4
DA:54,4
DA:56,4
DA:59,4
DA:61,4
DA:64,4
DA:65,3
DA:66,3
DA:68,3
DA:69,1
DA:70,1
DA:71,2
DA:72,1
DA:73,1
DA:75,1
DA:76,1
DA:79,1
DA:80,1
DA:83,4
DA:84,4
DA:85,4
DA:87,4
DA:90,0
DA:91,0
DA:94,4
DA:95,4
DA:96,0
DA:99,4
DA:100,0
DA:102,4
DA:109,3
DA:110,3
DA:111,3
DA:113,3
DA:114,3
DA:116,3
DA:117,2
DA:118,2
DA:120,2
DA:122,2
DA:123,2
DA:125,2
DA:126,1
DA:129,1
DA:130,1
DA:132,1
DA:134,1
DA:136,1
DA:137,1
DA:139,1
DA:142,1
DA:145,1
DA:146,1
DA:147,1
DA:148,1
DA:151,1
DA:153,1
DA:154,1
DA:157,1
LF:85
LH:76
BRDA:25,0,0,0
BRDA:25,0,1,0
BRDA:64,1,0,3
BRDA:64,1,1,1
BRDA:68,2,0,1
BRDA:68,2,1,2
BRDA:71,3,0,1
BRDA:71,3,1,1
BRDA:99,4,0,0
BRDA:99,4,1,4
BRDA:123,5,0,1
BRDA:123,5,1,1
BRDA:123,6,0,2
BRDA:123,6,1,1
BRDA:125,7,0,1
BRDA:125,8,0,2
BRDA:125,8,1,1
BRDA:134,9,0,1
BRDA:134,9,1,0
BRF:19
BRH:15
end_of_record
TN:
SF:src/responsivenessMetric.ts
FN:7,getGitIssueResponseTime
FN:33,getGitIssuesAndPRs
FN:33,(anonymous_11)
FN:51,(anonymous_12)
FN:65,(anonymous_13)
FN:73,(anonymous_15)
FN:77,(anonymous_16)
FN:87,(anonymous_17)
FN:102,(anonymous_18)
FN:102,(anonymous_19)
FNF:10
FNH:10
FNDA:3,getGitIssueResponseTime
FNDA:4,getGitIssuesAndPRs
FNDA:4,(anonymous_11)
FNDA:3,(anonymous_12)
FNDA:4,(anonymous_13)
FNDA:3,(anonymous_15)
FNDA:3,(anonymous_16)
FNDA:3,(anonymous_17)
FNDA:3,(anonymous_18)
FNDA:3,(anonymous_19)
DA:1,1
DA:2,1
DA:4,1
DA:8,3
DA:9,3
DA:10,3
DA:11,3
DA:17,3
DA:18,3
DA:19,3
DA:21,3
DA:22,3
DA:23,3
DA:26,0
DA:27,0
DA:28,0
DA:33,4
DA:34,4
DA:35,4
DA:36,4
DA:38,4
DA:39,4
DA:40,4
DA:41,4
DA:42,4
DA:48,3
DA:49,3
DA:51,3
DA:52,2
DA:54,1
DA:55,1
DA:56,1
DA:60,4
DA:61,4
DA:65,1
DA:66,4
DA:67,4
DA:68,4
DA:69,4
DA:72,4
DA:73,3
DA:77,4
DA:79,4
DA:80,4
DA:82,4
DA:83,2
DA:84,2
DA:87,3
DA:88,2
DA:89,2
DA:90,2
DA:91,2
DA:93,2
DA:95,0
DA:96,0
DA:97,0
DA:102,3
DA:103,3
DA:104,3
DA:105,3
DA:106,3
DA:107,3
DA:109,3
DA:112,3
DA:113,2
DA:115,2
DA:116,1
DA:117,1
DA:118,1
DA:120,1
DA:121,1
DA:122,1
DA:123,1
DA:126,1
DA:127,1
DA:128,1
DA:129,1
DA:131,1
DA:132,1
DA:133,1
DA:134,1
DA:135,1
LF:82
LH:76
BRDA:19,0,0,3
BRDA:19,0,1,0
BRDA:26,1,0,0
BRDA:26,1,1,0
BRDA:33,2,0,0
BRDA:49,3,0,1
BRDA:54,4,0,1
BRDA:54,4,1,0
BRDA:82,5,0,2
BRDA:95,6,0,0
BRDA:95,6,1,0
BRDA:113,7,0,1
BRDA:113,7,1,1
BRDA:113,8,0,2
BRDA:113,8,1,2
BRDA:115,9,0,1
BRDA:115,10,0,2
BRDA:115,10,1,1
BRDA:118,11,0,1
BRDA:118,11,1,0
BRDA:131,12,0,1
BRDA:131,12,1,0
BRF:22
BRH:13
end_of_record
