TN:
SF:src/correctnessMetric.ts
FN:5,(anonymous_8)
FN:5,(anonymous_9)
FN:50,(anonymous_10)
FN:50,(anonymous_11)
FNF:4
FNH:4
FNDA:4,(anonymous_8)
FNDA:4,(anonymous_9)
FNDA:2,(anonymous_10)
FNDA:2,(anonymous_11)
DA:1,1
DA:2,1
DA:5,4
DA:6,4
DA:7,4
DA:8,4
DA:10,4
DA:15,4
DA:16,4
DA:19,4
DA:23,4
DA:24,4
DA:27,4
DA:28,4
DA:30,4
DA:31,4
DA:33,4
DA:36,0
DA:37,0
DA:38,0
DA:40,0
DA:41,0
DA:42,0
DA:45,0
DA:50,2
DA:51,2
DA:52,2
DA:53,2
DA:55,2
DA:56,2
DA:58,2
DA:61,2
DA:62,2
DA:64,2
DA:65,2
DA:66,2
DA:67,2
DA:70,2
DA:71,2
DA:74,2
DA:78,0
DA:79,0
DA:80,0
DA:81,0
DA:84,0
DA:85,0
DA:86,0
DA:88,0
DA:90,0
DA:91,0
DA:94,0
LF:51
LH:33
BRDA:27,0,0,2
BRDA:27,0,1,2
BRDA:37,1,0,0
BRDA:62,2,0,0
BRDA:62,2,1,2
BRDA:62,3,0,2
BRDA:62,3,1,2
BRDA:64,4,0,2
BRDA:64,5,0,2
BRDA:64,5,1,2
BRDA:67,6,0,2
BRDA:67,6,1,0
BRDA:85,7,0,0
BRF:13
BRH:9
end_of_record
TN:
SF:src/logging.ts
FN:5,(anonymous_6)
FNF:1
FNH:1
FNDA:65,(anonymous_6)
DA:1,2
DA:2,2
DA:5,2
DA:6,65
DA:7,65
DA:10,65
DA:11,0
DA:12,0
DA:15,0
DA:16,0
DA:17,0
DA:21,0
LF:12
LH:6
BRDA:6,0,0,65
BRDA:6,0,1,65
BRDA:7,1,0,65
BRDA:7,1,1,65
BRDA:10,2,0,0
BRDA:16,3,0,0
BRF:6
BRH:4
end_of_record
TN:
SF:src/rampUpMetric.ts
FN:8,downloadFile
FN:40,calculateGitRampUpMetric
FN:86,(anonymous_12)
FN:86,(anonymous_13)
FNF:4
FNH:4
FNDA:5,downloadFile
FNDA:5,calculateGitRampUpMetric
FNDA:3,(anonymous_12)
FNDA:3,(anonymous_13)
DA:1,1
DA:2,1
DA:5,1
DA:9,5
DA:10,5
DA:11,5
DA:18,3
DA:19,3
DA:21,2
DA:22,2
DA:23,2
DA:24,0
DA:25,2
DA:26,0
DA:27,2
DA:28,1
DA:30,1
DA:33,0
DA:35,2
DA:40,1
DA:41,5
DA:42,5
DA:45,5
DA:47,5
DA:49,5
DA:51,5
DA:54,5
DA:55,3
DA:56,3
DA:58,3
DA:59,2
DA:60,2
DA:61,1
DA:62,0
DA:63,0
DA:65,1
DA:66,1
DA:69,2
DA:70,2
DA:73,5
DA:74,5
DA:75,5
DA:77,5
DA:80,0
DA:81,0
DA:86,3
DA:87,3
DA:88,3
DA:90,3
DA:91,3
DA:93,3
DA:94,2
DA:95,2
DA:97,2
DA:99,2
DA:100,2
DA:102,2
DA:103,1
DA:106,1
DA:107,1
DA:109,1
DA:111,1
DA:113,1
DA:114,1
DA:116,1
DA:119,1
DA:122,1
DA:123,1
DA:124,1
DA:125,1
DA:128,1
DA:130,1
DA:131,1
DA:134,1
LF:74
LH:67
BRDA:21,0,0,2
BRDA:21,0,1,0
BRDA:22,1,0,0
BRDA:22,1,1,2
BRDA:22,2,0,2
BRDA:22,2,1,2
BRDA:23,3,0,0
BRDA:23,3,1,2
BRDA:25,4,0,0
BRDA:25,4,1,2
BRDA:27,5,0,1
BRDA:27,5,1,1
BRDA:54,6,0,3
BRDA:54,6,1,2
BRDA:58,7,0,2
BRDA:58,7,1,1
BRDA:61,8,0,0
BRDA:61,8,1,1
BRDA:100,9,0,0
BRDA:100,9,1,2
BRDA:100,10,0,2
BRDA:100,10,1,2
BRDA:102,11,0,1
BRDA:102,12,0,2
BRDA:102,12,1,1
BRDA:111,13,0,1
BRDA:111,13,1,0
BRF:27
BRH:20
end_of_record
